/// elfFileName : rv_boot_uart/boot_rv32.out, Data Memory(byte #2)
@0000 03
@0001 01
@0002 c0
@0003 50
@0004 1f
@0005 00
@0006 c7
@0007 47
@0008 17
@0009 07
@000a a7
@000b 00
@000c 05
@000d 15
@000e 06
@000f 00
@0010 c7
@0011 47
@0012 17
@0013 07
@0014 c7
@0015 06
@0016 16
@0017 06
@0018 00
@0019 00
@001a 90
@001b c7
@001c a7
@001d 05
@001e f5
@001f 47
@0020 17
@0021 07
@0022 a7
@0023 00
@0024 65
@0025 50
@0026 f6
@0027 75
@0028 f5
@0029 47
@002a 17
@002b 07
@002c a7
@002d 00
@002e 47
@002f 17
@0030 07
@0031 f0
@0032 f7
@0033 00
@0034 01
@0035 81
@0036 91
@0037 00
@0038 11
@0039 90
@003a c7
@003b 05
@003c a7
@003d 04
@003e f4
@003f 44
@0040 17
@0041 07
@0042 94
@0043 c1
@0044 81
@0045 41
@0046 01
@0047 00
@0048 a0
@0049 21
@004a 00
@004b 30
@004c 05
@004d 97
@004e 09
@004f f5
@0050 44
@0051 17
@0052 07
@0053 a4
@0054 a0
@0055 04
@0056 80
@0057 05
@0058 01
@0059 1f
@005a a0
@005b 31
@005c 80
@005d 70
@005e 05
@005f 97
@0060 09
@0061 f7
@0062 44
@0063 17
@0064 07
@0065 09
@0066 e4
@0067 a0
@0068 00
@0069 05
@006a c1
@006b df
@006c a0
@006d 40
@006e 9f
@006f 09
@0070 a0
@0071 c0
@0072 05
@0073 5f
@0074 01
@0075 81
@0076 11
@0077 05
@0078 45
@0079 05
@007a f5
@007b 05
@007c 10
@007d f7
@007e 00
@007f c7
@0080 00
@0081 00
@0082 47
@0083 17
@0084 07
@0085 c7
@0086 16
@0087 d5
@0088 f4
@0089 81
@008a c1
@008b 01
@008c 5f
@008d df
@008e f4
@008f 81
@0090 c1
@0091 01
@0092 df
@0093 00
@0094 c7
@0095 47
@0096 87
@0097 07
@0098 07
@0099 00
@009a 00
@009b c7
@009c 47
@009d 87
@009e 07
@009f 07
@00a0 f6
@00a1 47
@00a2 87
@00a3 07
@00a4 07
@00a5 85
@00a6 47
@00a7 87
@00a8 07
@00a9 07
@00aa 06
@00ab b6
@00ac c6
@00ad 47
@00ae 87
@00af 07
@00b0 07
@00b1 85
@00b2 d5
@00b3 00
@00b4 05
@00b5 05
@00b6 05
@00b7 05
@00b8 f0
@00b9 06
@00ba 10
@00bb b6
@00bc c0
@00bd 16
@00be 16
@00bf b6
@00c0 00
@00c1 c5
@00c2 c5
@00c3 d5
@00c4 16
@00c5 16
@00c6 06
@00c7 00
@00c8 00
@00c9 5f
@00ca 05
@00cb 02
@00cc a0
@00cd b0
@00ce b0
@00cf df
@00d0 b0
@00d1 00
@00d2 1f
@00d3 a0
@00d4 02
@00d5 00
@00d6 05
@00d7 05
@00d8 9f
@00d9 05
@00da 02
@00db b0
@00dc 05
@00dd a0
@00de 1f
@00df b0
@00e0 02
@00e1 00
@00e2 01
@00e3 c7
@00e4 61
@00e5 07
@00e6 47
@00e7 11
@00e8 f0
@00e9 81
@00ea 91
@00eb 31
@00ec 51
@00ed 21
@00ee 41
@00ef 71
@00f0 81
@00f1 91
@00f2 a1
@00f3 b1
@00f4 fb
@00f5 00
@00f6 f6
@00f7 45
@00f8 1f
@00f9 00
@00fa 45
@00fb 5f
@00fc 00
@00fd 05
@00fe 9f
@00ff 00
@0100 47
@0101 77
@0102 06
@0103 5c
@0104 d9
@0105 07
@0106 f9
@0107 df
@0108 05
@0109 a1
@010a 1f
@010b 05
@010c a4
@010d 05
@010e 00
@010f 20
@0110 e0
@0111 5f
@0112 05
@0113 df
@0114 a9
@0115 05
@0116 f4
@0117 2a
@0118 a0
@0119 00
@011a c0
@011b 4c
@011c 8c
@011d 5f
@011e 1d
@011f 2c
@0120 a9
@0121 a7
@0122 fc
@0123 a4
@0124 07
@0125 4b
@0126 17
@0127 07
@0128 8b
@0129 4c
@012a 8c
@012b f4
@012c 27
@012d 3a
@012e 47
@012f 1b
@0130 5b
@0131 5f
@0132 a1
@0133 df
@0134 05
@0135 00
@0136 c5
@0137 f1
@0138 1f
@0139 00
@013a 45
@013b 5f
@013c 41
@013d 80
@013e 9f
@013f 4b
@0140 17
@0141 07
@0142 a0
@0143 00
@0144 85
@0145 fb
@0146 9f
@0147 0a
@0148 1f
@0149 4b
@014a 17
@014b 07
@014c a0
@014d 00
@014e c5
@014f fb
@0150 1f
@0151 0a
@0152 9f
@0153 4b
@0154 17
@0155 07
@0156 a0
@0157 00
@0158 c5
@0159 fb
@015a 9f
@015b 04
@015c 80
@015d df
@015e 4b
@015f 17
@0160 07
@0161 a0
@0162 00
@0163 c5
@0164 fb
@0165 df
@0166 81
@0167 5f
@0168 4b
@0169 17
@016a 07
@016b a0
@016c 00
@016d c5
@016e fb
@016f 5f
@0170 c1
@0171 80
@0172 9f
@0173 4b
@0174 17
@0175 07
@0176 41
@0177 a0
@0178 7b
@0179 00
@017a 00
@017b 00
@017c 00
@017d 34
@017e 07
@017f 0a
@0180 70
@0181 4a
@0182 4d
@0183 0d
@0184 4b
@0185 17
@0186 07
@0187 8b
@0188 f6
@0189 06
@018a fd
@018b 9f
@018c 4b
@018d 17
@018e 07
@018f 3b
@0190 14
@0191 24
@0192 81
@0193 47
@0194 c1
@0195 97
@0196 00
@0197 c5
@0198 1f
@0199 c1
@019a 81
@019b 41
@019c 01
@019d c1
@019e 81
@019f 41
@01a0 01
@01a1 c1
@01a2 81
@01a3 41
@01a4 01
@01a5 c1
@01a6 00
@01a7 01
@01a8 00
@01a9 4b
@01aa 17
@01ab 07
@01ac 7b
@01ad 4a
@01ae 70
@01af 0c
@01b0 4b
@01b1 17
@01b2 07
@01b3 8b
@01b4 f6
@01b5 06
@01b6 fa
@01b7 9f
@01b8 00
@01b9 17
@01ba 00
@01bb 4b
@01bc 17
@01bd 07
@01be 15
@01bf cb
@01c0 f5
@01c1 06
@01c2 0a
@01c3 70
@01c4 4a
@01c5 4d
@01c6 0d
@01c7 8d
@01c8 60
@01c9 0c
@01ca 4b
@01cb 17
@01cc 07
@01cd 8b
@01ce f6
@01cf 06
@01d0 fd
@01d1 1f
@01d2 1f
@01d3 cd
@01d4 f1
@01d5 50
@01d6 07
@01d7 4b
@01d8 17
@01d9 07
@01da 8b
@01db f6
@01dc 06
@01dd fc
@01de df
@01df fd
@01e0 5f
@01e1 5f
@01e2 8a
@01e3 f1
@01e4 60
@01e5 07
@01e6 4b
@01e7 17
@01e8 07
@01e9 8b
@01ea f6
@01eb 06
@01ec fc
@01ed 1f
@01ee 1f
@01ef 0d
@01f0 f1
@01f1 40
@01f2 07
@01f3 4b
@01f4 17
@01f5 07
@01f6 8b
@01f7 f6
@01f8 06
@01f9 01
@01fa f7
@01fb 9f
@01fc fc
@01fd 1f
@01fe 5f
@01ff ca
@0200 f1
@0201 50
@0202 07
@0203 4b
@0204 17
@0205 07
@0206 8b
@0207 f6
@0208 06
@0209 01
@020a f7
@020b 9f
@020c fc
@020d 1f
@020e 1f
@020f 0d
@0210 df
@0211 0a
@0212 40
@0213 00
@0214 0d
@0215 4b
@0216 17
@0217 07
@0218 bb
@0219 f6
@021a 06
@021b 41
@021c f7
@021d 0f
@021e df
@021f 4d
@0220 f1
@0221 30
@0222 00
@0223 07
@0224 4b
@0225 17
@0226 07
@0227 bb
@0228 f6
@0229 06
@022a 41
@022b f7
@022c 4f
@022d 01
@022e f7
@022f 8f
@0230 1f
@0231 4a
@0232 30
@0233 0d
@0234 4b
@0235 17
@0236 07
@0237 bb
@0238 f6
@0239 06
@023a fd
@023b 8f
@023c df
@023d 8d
@023e 06
@023f 4b
@0240 17
@0241 07
@0242 00
@0243 fb
@0244 4b
@0245 17
@0246 07
@0247 00
@0248 fb
@0249 81
@024a f7
@024b 8f
@024c 9f
@024d cd
@024e 05
@024f 4b
@0250 17
@0251 07
@0252 00
@0253 fb
@0254 f6
@0255 0f
@0256 df
@0257 8a
@0258 06
@0259 4b
@025a 17
@025b 07
@025c 00
@025d fb
@025e 4b
@025f 17
@0260 07
@0261 00
@0262 fb
@0263 fd
@0264 4f
@0265 5f
@0266 20
@0267 9f
@0268 00
@0269 c5
@026a 8f
@026b 4b
@026c 87
@026d 07
@026e 0b
@026f 41
@0270 07
@0271 1f
@0272 10
@0273 c1
@0274 1f
@0275 c1
@0276 9f
@0277 ca
@0278 05
@0279 4b
@027a 17
@027b 07
@027c 00
@027d fb
@027e f6
@027f 8f
@0280 df
@0281 10
@0282 c1
@0283 4f
@0284 81
@0285 5f
@0300 20
@0301 3d
@0302 3d
@0303 3d
@0304 3d
@0305 3d
@0306 3d
@0307 3d
@0308 3d
@0309 3d
@030a 3d
@030b 3d
@030c 3d
@030d 3d
@030e 3d
@030f 3d
@0310 00
@0311 33
@0312 61
@0313 62
@0314 20
@0315 64
@0316 72
@0317 79
@0318 77
@0319 69
@031a 66
@031b 66
@031c 20
@031d 6e
@031e 72
@031f 0a
@0320 3d
@0321 3d
@0322 3d
@0323 3d
@0324 3d
@0325 3d
@0326 3d
@0327 3d
@0328 3d
@0329 3d
@032a 3d
@032b 3d
@032c 3d
@032d 3d
@032e 0a
@032f 72
@0330 66
@0331 63
@0332 6c
@0333 21
@0334 0a
@0335 74
@0336 70
@0337 74
@0338 30
@0339 00
@033a 63
@033b 6e
@033c 75
@033d 3d
@033e 00
@033f 72
@0340 6f
@0341 20
@0342 00
@0343 65
@0344 75
@0345 20
@0346 00
@0347 77
@0348 5f
@0349 6e
@034a 20
@034b 63
@034c 6b
@034d 20
@034e 78
@034f 61
@0350 62
@0351 20
@0352 64
@0353 74
@0354 73
@0355 20
@0356 63
@0357 65
@0358 20
@0359 73
@035a 6e
@035b 65
@035c 6f
@035d 6e
@035e 75
@035f 72
@0360 61
@0361 2e
@0362 00
@0363 72
@0364 6f
@0365 6c
@0366 65
@0367 72
@0368 66
@0369 66
@036a 65
@036b 2e
@036c 6f
@036d 6e
@036e 00
@0370 43
@0371 67
@0372 39
@0373 30
@0374 31
@0375 2e
@0376 00
@0377 00
@0378 00
@0379 00
@f000 00
@f001 00
@f002 00
@f003 00
@f004 00
@f005 00
@f006 00
@f007 00
@f008 00
@f009 00
@f00a 00
@f00b 00
@f00c 00
@f00d 00
@f00e 00
@f00f 00
@f010 00
@f011 00
@f012 00
@f013 00
@f014 00
@f015 00
@f016 00
@f017 00
@f018 00
@f019 00
@f01a 00
@f01b 00
@f01c 00
@f01d 00
@f01e 00
@f01f 00
@f020 00
@f021 00
@f022 00
@f023 00
@f024 00
@f025 00
@f026 00
@f027 00
@f028 00
@f029 00
@f02a 00
@f02b 00
@f02c 00
@f02d 00
@f02e 00
@f02f 00
@f030 00
@f031 00
@f032 00
@f033 00
@f034 00
@f035 00
@f036 00
@f037 00
@f038 00
@f039 00
@f03a 00
@f03b 00
@f03c 00
@f03d 00
@f03e 00
@f03f 00
@f040 00
@f041 00
@f042 00
@f043 00
@f044 00
@f045 00
@f046 00
@f047 00
@f048 00
@f049 00
@f04a 00
@f04b 00
@f04c 00
@f04d 00
@f04e 00
@f04f 00
@f050 00
@f051 00
@f052 00
@f053 00
@f054 00
@f055 00
@f056 00
@f057 00
@f058 00
@f059 00
@f05a 00
@f05b 00
@f05c 00
@f05d 00
@f05e 00
@f05f 00
@f060 00
@f061 00
@f062 00
@f063 00
@f064 00
@f065 00
@f066 00
@f067 00
@f068 00
@f069 00
@f06a 00
@f06b 00
@f06c 00
@f06d 00
@f06e 00
@f06f 00
@f070 00
@f071 00
@f072 00
@f073 00
@f074 00
@f075 00
@f076 00
@f077 00
@f078 00
@f079 00
@f07a 00
@f07b 00
@f07c 00
@f07d 00
@f07e 00
@f07f 00
@f080 00
@f081 00
@f082 00
@f083 00
@f084 00
@f085 00
@f086 00
@f087 00
@f088 00
@f089 00
@f08a 00
@f08b 00
@f08c 00
@f08d 00
@f08e 00
@f08f 00
@f090 00
@f091 00
@f092 00
@f093 00
@f094 00
@f095 00
@f096 00
@f097 00
@f098 00
@f099 00
@f09a 00
@f09b 00
@f09c 00
@f09d 00
@f09e 00
@f09f 00
@f0a0 00
@f0a1 00
@f0a2 00
@f0a3 00
@f0a4 00
@f0a5 00
@f0a6 00
@f0a7 00
@f0a8 00
@f0a9 00
@f0aa 00
@f0ab 00
@f0ac 00
@f0ad 00
@f0ae 00
@f0af 00
@f0b0 00
@f0b1 00
@f0b2 00
@f0b3 00
@f0b4 00
@f0b5 00
@f0b6 00
@f0b7 00
@f0b8 00
@f0b9 00
@f0ba 00
@f0bb 00
@f0bc 00
@f0bd 00
@f0be 00
@f0bf 00
@f0c0 00
@f0c1 00
@f0c2 00
@f0c3 00
@f0c4 00
@f0c5 00
@f0c6 00
@f0c7 00
@f0c8 00
@f0c9 00
@f0ca 00
@f0cb 00
@f0cc 00
@f0cd 00
@f0ce 00
@f0cf 00
@f0d0 00
@f0d1 00
@f0d2 00
@f0d3 00
@f0d4 00
@f0d5 00
@f0d6 00
@f0d7 00
@f0d8 00
@f0d9 00
@f0da 00
@f0db 00
@f0dc 00
@f0dd 00
@f0de 00
@f0df 00
@f0e0 00
@f0e1 00
@f0e2 00
@f0e3 00
@f0e4 00
@f0e5 00
@f0e6 00
@f0e7 00
@f0e8 00
@f0e9 00
@f0ea 00
@f0eb 00
@f0ec 00
@f0ed 00
@f0ee 00
@f0ef 00
@f0f0 00
@f0f1 00
@f0f2 00
@f0f3 00
@f0f4 00
@f0f5 00
@f0f6 00
@f0f7 00
@f0f8 00
@f0f9 00
@f0fa 00
@f0fb 00
@f0fc 00
@f0fd 00
@f0fe 00
@f0ff 00
@f100 00
@f101 00
@f102 00
@f103 00
@f104 00
@f105 00
@f106 00
@f107 00
@f108 00
@f109 00
@f10a 00
@f10b 00
@f10c 00
@f10d 00
@f10e 00
@f10f 00
@f110 00
@f111 00
@f112 00
@f113 00
@f114 00
@f115 00
@f116 00
@f117 00
@f118 00
@f119 00
@f11a 00
@f11b 00
@f11c 00
@f11d 00
@f11e 00
@f11f 00
@f120 00
@f121 00
@f122 00
@f123 00
@f124 00
@f125 00
@f126 00
@f127 00
@f128 00
@f129 00
@f12a 00
@f12b 00
@f12c 00
@f12d 00
@f12e 00
@f12f 00
@f130 00
@f131 00
@f132 00
@f133 00
@f134 00
@f135 00
@f136 00
@f137 00
@f138 00
@f139 00
@f13a 00
@f13b 00
@f13c 00
@f13d 00
@f13e 00
@f13f 00
@f140 00
@f141 00
@f142 00
@f143 00
@f144 00
@f145 00
@f146 00
@f147 00
@f148 00
@f149 00
@f14a 00
@f14b 00
@f14c 00
@f14d 00
@f14e 00
@f14f 00
@f150 00
@f151 00
@f152 00
@f153 00
@f154 00
@f155 00
@f156 00
@f157 00
@f158 00
@f159 00
@f15a 00
@f15b 00
@f15c 00
@f15d 00
@f15e 00
@f15f 00
@f160 00
@f161 00
@f162 00
@f163 00
@f164 00
@f165 00
@f166 00
@f167 00
@f168 00
@f169 00
@f16a 00
@f16b 00
@f16c 00
@f16d 00
@f16e 00
@f16f 00
@f170 00
@f171 00
@f172 00
@f173 00
@f174 00
@f175 00
@f176 00
@f177 00
@f178 00
@f179 00
@f17a 00
@f17b 00
@f17c 00
@f17d 00
@f17e 00
@f17f 00
@f180 00
@f181 00
@f182 00
@f183 00
@f184 00
@f185 00
@f186 00
@f187 00
@f188 00
@f189 00
@f18a 00
@f18b 00
@f18c 00
@f18d 00
@f18e 00
@f18f 00
@f190 00
@f191 00
@f192 00
@f193 00
@f194 00
@f195 00
@f196 00
@f197 00
@f198 00
@f199 00
@f19a 00
@f19b 00
@f19c 00
@f19d 00
@f19e 00
@f19f 00
@f1a0 00
@f1a1 00
@f1a2 00
@f1a3 00
@f1a4 00
@f1a5 00
@f1a6 00
@f1a7 00
@f1a8 00
@f1a9 00
@f1aa 00
@f1ab 00
@f1ac 00
@f1ad 00
@f1ae 00
@f1af 00
@f1b0 00
@f1b1 00
@f1b2 00
@f1b3 00
@f1b4 00
@f1b5 00
@f1b6 00
@f1b7 00
@f1b8 00
@f1b9 00
@f1ba 00
@f1bb 00
@f1bc 00
@f1bd 00
@f1be 00
@f1bf 00
@f1c0 00
@f1c1 00
@f1c2 00
@f1c3 00
@f1c4 00
@f1c5 00
@f1c6 00
@f1c7 00
@f1c8 00
@f1c9 00
@f1ca 00
@f1cb 00
@f1cc 00
@f1cd 00
@f1ce 00
@f1cf 00
@f1d0 00
@f1d1 00
@f1d2 00
@f1d3 00
@f1d4 00
@f1d5 00
@f1d6 00
@f1d7 00
@f1d8 00
@f1d9 00
@f1da 00
@f1db 00
@f1dc 00
@f1dd 00
@f1de 00
@f1df 00
@f1e0 00
@f1e1 00
@f1e2 00
@f1e3 00
@f1e4 00
@f1e5 00
@f1e6 00
@f1e7 00
@f1e8 00
@f1e9 00
@f1ea 00
@f1eb 00
@f1ec 00
@f1ed 00
@f1ee 00
@f1ef 00
@f1f0 00
@f1f1 00
@f1f2 00
@f1f3 00
@f1f4 00
@f1f5 00
@f1f6 00
@f1f7 00
@f1f8 00
@f1f9 00
@f1fa 00
@f1fb 00
@f1fc 00
@f1fd 00
@f1fe 00
@f1ff 00
@f200 00
@f201 00
@f202 00
@f203 00
@f204 00
@f205 00
@f206 00
@f207 00
@f208 00
@f209 00
@f20a 00
@f20b 00
@f20c 00
@f20d 00
@f20e 00
@f20f 00
@f210 00
@f211 00
@f212 00
@f213 00
@f214 00
@f215 00
@f216 00
@f217 00
@f218 00
@f219 00
@f21a 00
@f21b 00
@f21c 00
@f21d 00
@f21e 00
@f21f 00
@f220 00
@f221 00
@f222 00
@f223 00
@f224 00
@f225 00
@f226 00
@f227 00
@f228 00
@f229 00
@f22a 00
@f22b 00
@f22c 00
@f22d 00
@f22e 00
@f22f 00
@f230 00
@f231 00
@f232 00
@f233 00
@f234 00
@f235 00
@f236 00
@f237 00
@f238 00
@f239 00
@f23a 00
@f23b 00
@f23c 00
@f23d 00
@f23e 00
@f23f 00
@f240 00
@f241 00
@f242 00
@f243 00
@f244 00
@f245 00
@f246 00
@f247 00
@f248 00
@f249 00
@f24a 00
@f24b 00
@f24c 00
@f24d 00
@f24e 00
@f24f 00
@f250 00
@f251 00
@f252 00
@f253 00
@f254 00
@f255 00
@f256 00
@f257 00
@f258 00
@f259 00
@f25a 00
@f25b 00
@f25c 00
@f25d 00
@f25e 00
@f25f 00
@f260 00
@f261 00
@f262 00
@f263 00
@f264 00
@f265 00
@f266 00
@f267 00
@f268 00
@f269 00
@f26a 00
@f26b 00
@f26c 00
@f26d 00
@f26e 00
@f26f 00
@f270 00
@f271 00
@f272 00
@f273 00
@f274 00
@f275 00
@f276 00
@f277 00
@f278 00
@f279 00
@f27a 00
@f27b 00
@f27c 00
@f27d 00
@f27e 00
@f27f 00
@f280 00
@f281 00
@f282 00
@f283 00
@f284 00
@f285 00
@f286 00
@f287 00
@f288 00
@f289 00
@f28a 00
@f28b 00
@f28c 00
@f28d 00
@f28e 00
@f28f 00
@f290 00
@f291 00
@f292 00
@f293 00
@f294 00
@f295 00
@f296 00
@f297 00
@f298 00
@f299 00
@f29a 00
@f29b 00
@f29c 00
@f29d 00
@f29e 00
@f29f 00
@f2a0 00
@f2a1 00
@f2a2 00
@f2a3 00
@f2a4 00
@f2a5 00
@f2a6 00
@f2a7 00
@f2a8 00
@f2a9 00
@f2aa 00
@f2ab 00
@f2ac 00
@f2ad 00
@f2ae 00
@f2af 00
@f2b0 00
@f2b1 00
@f2b2 00
@f2b3 00
@f2b4 00
@f2b5 00
@f2b6 00
@f2b7 00
@f2b8 00
@f2b9 00
@f2ba 00
@f2bb 00
@f2bc 00
@f2bd 00
@f2be 00
@f2bf 00
@f2c0 00
@f2c1 00
@f2c2 00
@f2c3 00
@f2c4 00
@f2c5 00
@f2c6 00
@f2c7 00
@f2c8 00
@f2c9 00
@f2ca 00
@f2cb 00
@f2cc 00
@f2cd 00
@f2ce 00
@f2cf 00
@f2d0 00
@f2d1 00
@f2d2 00
@f2d3 00
@f2d4 00
@f2d5 00
@f2d6 00
@f2d7 00
@f2d8 00
@f2d9 00
@f2da 00
@f2db 00
@f2dc 00
@f2dd 00
@f2de 00
@f2df 00
@f2e0 00
@f2e1 00
@f2e2 00
@f2e3 00
@f2e4 00
@f2e5 00
@f2e6 00
@f2e7 00
@f2e8 00
@f2e9 00
@f2ea 00
@f2eb 00
@f2ec 00
@f2ed 00
@f2ee 00
@f2ef 00
@f2f0 00
@f2f1 00
@f2f2 00
@f2f3 00
@f2f4 00
@f2f5 00
@f2f6 00
@f2f7 00
@f2f8 00
@f2f9 00
@f2fa 00
@f2fb 00
@f2fc 00
@f2fd 00
@f2fe 00
@f2ff 00
@f300 00
@f301 00
@f302 00
@f303 00
@f304 00
@f305 00
@f306 00
@f307 00
@f308 00
@f309 00
@f30a 00
@f30b 00
@f30c 00
@f30d 00
@f30e 00
@f30f 00
@f310 00
@f311 00
@f312 00
@f313 00
@f314 00
@f315 00
@f316 00
@f317 00
@f318 00
@f319 00
@f31a 00
@f31b 00
@f31c 00
@f31d 00
@f31e 00
@f31f 00
@f320 00
@f321 00
@f322 00
@f323 00
@f324 00
@f325 00
@f326 00
@f327 00
@f328 00
@f329 00
@f32a 00
@f32b 00
@f32c 00
@f32d 00
@f32e 00
@f32f 00
@f330 00
@f331 00
@f332 00
@f333 00
@f334 00
@f335 00
@f336 00
@f337 00
@f338 00
@f339 00
@f33a 00
@f33b 00
@f33c 00
@f33d 00
@f33e 00
@f33f 00
@f340 00
@f341 00
@f342 00
@f343 00
@f344 00
@f345 00
@f346 00
@f347 00
@f348 00
@f349 00
@f34a 00
@f34b 00
@f34c 00
@f34d 00
@f34e 00
@f34f 00
@f350 00
@f351 00
@f352 00
@f353 00
@f354 00
@f355 00
@f356 00
@f357 00
@f358 00
@f359 00
@f35a 00
@f35b 00
@f35c 00
@f35d 00
@f35e 00
@f35f 00
@f360 00
@f361 00
@f362 00
@f363 00
@f364 00
@f365 00
@f366 00
@f367 00
@f368 00
@f369 00
@f36a 00
@f36b 00
@f36c 00
@f36d 00
@f36e 00
@f36f 00
@f370 00
@f371 00
@f372 00
@f373 00
@f374 00
@f375 00
@f376 00
@f377 00
@f378 00
@f379 00
@f37a 00
@f37b 00
@f37c 00
@f37d 00
@f37e 00
@f37f 00
@f380 00
@f381 00
@f382 00
@f383 00
@f384 00
@f385 00
@f386 00
@f387 00
@f388 00
@f389 00
@f38a 00
@f38b 00
@f38c 00
@f38d 00
@f38e 00
@f38f 00
@f390 00
@f391 00
@f392 00
@f393 00
@f394 00
@f395 00
@f396 00
@f397 00
@f398 00
@f399 00
@f39a 00
@f39b 00
@f39c 00
@f39d 00
@f39e 00
@f39f 00
@f3a0 00
@f3a1 00
@f3a2 00
@f3a3 00
@f3a4 00
@f3a5 00
@f3a6 00
@f3a7 00
@f3a8 00
@f3a9 00
@f3aa 00
@f3ab 00
@f3ac 00
@f3ad 00
@f3ae 00
@f3af 00
@f3b0 00
@f3b1 00
@f3b2 00
@f3b3 00
@f3b4 00
@f3b5 00
@f3b6 00
@f3b7 00
@f3b8 00
@f3b9 00
@f3ba 00
@f3bb 00
@f3bc 00
@f3bd 00
@f3be 00
@f3bf 00
@f3c0 00
@f3c1 00
@f3c2 00
@f3c3 00
@f3c4 00
@f3c5 00
@f3c6 00
@f3c7 00
@f3c8 00
@f3c9 00
@f3ca 00
@f3cb 00
@f3cc 00
@f3cd 00
@f3ce 00
@f3cf 00
@f3d0 00
@f3d1 00
@f3d2 00
@f3d3 00
@f3d4 00
@f3d5 00
@f3d6 00
@f3d7 00
@f3d8 00
@f3d9 00
@f3da 00
@f3db 00
@f3dc 00
@f3dd 00
@f3de 00
@f3df 00
@f3e0 00
@f3e1 00
@f3e2 00
@f3e3 00
@f3e4 00
@f3e5 00
@f3e6 00
@f3e7 00
@f3e8 00
@f3e9 00
@f3ea 00
@f3eb 00
@f3ec 00
@f3ed 00
@f3ee 00
@f3ef 00
@f3f0 00
@f3f1 00
@f3f2 00
@f3f3 00
@f3f4 00
@f3f5 00
@f3f6 00
@f3f7 00
@f3f8 00
@f3f9 00
@f3fa 00
@f3fb 00
@f3fc 00
@f3fd 00
@f3fe 00
@f3ff 00
@f400 00
@f401 00
@f402 00
@f403 00
@f404 00
@f405 00
@f406 00
@f407 00
@f408 00
@f409 00
@f40a 00
@f40b 00
@f40c 00
@f40d 00
@f40e 00
@f40f 00
@f410 00
@f411 00
@f412 00
@f413 00
@f414 00
@f415 00
@f416 00
@f417 00
@f418 00
@f419 00
@f41a 00
@f41b 00
@f41c 00
@f41d 00
@f41e 00
@f41f 00
@f420 00
@f421 00
@f422 00
@f423 00
@f424 00
@f425 00
@f426 00
@f427 00
@f428 00
@f429 00
@f42a 00
@f42b 00
@f42c 00
@f42d 00
@f42e 00
@f42f 00
@f430 00
@f431 00
@f432 00
@f433 00
@f434 00
@f435 00
@f436 00
@f437 00
@f438 00
@f439 00
@f43a 00
@f43b 00
@f43c 00
@f43d 00
@f43e 00
@f43f 00
@f440 00
@f441 00
@f442 00
@f443 00
@f444 00
@f445 00
@f446 00
@f447 00
@f448 00
@f449 00
@f44a 00
@f44b 00
@f44c 00
@f44d 00
@f44e 00
@f44f 00
@f450 00
@f451 00
@f452 00
@f453 00
@f454 00
@f455 00
@f456 00
@f457 00
@f458 00
@f459 00
@f45a 00
@f45b 00
@f45c 00
@f45d 00
@f45e 00
@f45f 00
@f460 00
@f461 00
@f462 00
@f463 00
@f464 00
@f465 00
@f466 00
@f467 00
@f468 00
@f469 00
@f46a 00
@f46b 00
@f46c 00
@f46d 00
@f46e 00
@f46f 00
@f470 00
@f471 00
@f472 00
@f473 00
@f474 00
@f475 00
@f476 00
@f477 00
@f478 00
@f479 00
@f47a 00
@f47b 00
@f47c 00
@f47d 00
@f47e 00
@f47f 00
@f480 00
@f481 00
@f482 00
@f483 00
@f484 00
@f485 00
@f486 00
@f487 00
@f488 00
@f489 00
@f48a 00
@f48b 00
@f48c 00
@f48d 00
@f48e 00
@f48f 00
@f490 00
@f491 00
@f492 00
@f493 00
@f494 00
@f495 00
@f496 00
@f497 00
@f498 00
@f499 00
@f49a 00
@f49b 00
@f49c 00
@f49d 00
@f49e 00
@f49f 00
@f4a0 00
@f4a1 00
@f4a2 00
@f4a3 00
@f4a4 00
@f4a5 00
@f4a6 00
@f4a7 00
@f4a8 00
@f4a9 00
@f4aa 00
@f4ab 00
@f4ac 00
@f4ad 00
@f4ae 00
@f4af 00
@f4b0 00
@f4b1 00
@f4b2 00
@f4b3 00
@f4b4 00
@f4b5 00
@f4b6 00
@f4b7 00
@f4b8 00
@f4b9 00
@f4ba 00
@f4bb 00
@f4bc 00
@f4bd 00
@f4be 00
@f4bf 00
@f4c0 00
@f4c1 00
@f4c2 00
@f4c3 00
@f4c4 00
@f4c5 00
@f4c6 00
@f4c7 00
@f4c8 00
@f4c9 00
@f4ca 00
@f4cb 00
@f4cc 00
@f4cd 00
@f4ce 00
@f4cf 00
@f4d0 00
@f4d1 00
@f4d2 00
@f4d3 00
@f4d4 00
@f4d5 00
@f4d6 00
@f4d7 00
@f4d8 00
@f4d9 00
@f4da 00
@f4db 00
@f4dc 00
@f4dd 00
@f4de 00
@f4df 00
@f4e0 00
@f4e1 00
@f4e2 00
@f4e3 00
@f4e4 00
@f4e5 00
@f4e6 00
@f4e7 00
@f4e8 00
@f4e9 00
@f4ea 00
@f4eb 00
@f4ec 00
@f4ed 00
@f4ee 00
@f4ef 00
@f4f0 00
@f4f1 00
@f4f2 00
@f4f3 00
@f4f4 00
@f4f5 00
@f4f6 00
@f4f7 00
@f4f8 00
@f4f9 00
@f4fa 00
@f4fb 00
@f4fc 00
@f4fd 00
@f4fe 00
@f4ff 00
@f500 00
@f501 00
@f502 00
@f503 00
@f504 00
@f505 00
@f506 00
@f507 00
@f508 00
@f509 00
@f50a 00
@f50b 00
@f50c 00
@f50d 00
@f50e 00
@f50f 00
@f510 00
@f511 00
@f512 00
@f513 00
@f514 00
@f515 00
@f516 00
@f517 00
@f518 00
@f519 00
@f51a 00
@f51b 00
@f51c 00
@f51d 00
@f51e 00
@f51f 00
@f520 00
@f521 00
@f522 00
@f523 00
@f524 00
@f525 00
@f526 00
@f527 00
@f528 00
@f529 00
@f52a 00
@f52b 00
@f52c 00
@f52d 00
@f52e 00
@f52f 00
@f530 00
@f531 00
@f532 00
@f533 00
@f534 00
@f535 00
@f536 00
@f537 00
@f538 00
@f539 00
@f53a 00
@f53b 00
@f53c 00
@f53d 00
@f53e 00
@f53f 00
@f540 00
@f541 00
@f542 00
@f543 00
@f544 00
@f545 00
@f546 00
@f547 00
@f548 00
@f549 00
@f54a 00
@f54b 00
@f54c 00
@f54d 00
@f54e 00
@f54f 00
@f550 00
@f551 00
@f552 00
@f553 00
@f554 00
@f555 00
@f556 00
@f557 00
@f558 00
@f559 00
@f55a 00
@f55b 00
@f55c 00
@f55d 00
@f55e 00
@f55f 00
@f560 00
@f561 00
@f562 00
@f563 00
@f564 00
@f565 00
@f566 00
@f567 00
@f568 00
@f569 00
@f56a 00
@f56b 00
@f56c 00
@f56d 00
@f56e 00
@f56f 00
@f570 00
@f571 00
@f572 00
@f573 00
@f574 00
@f575 00
@f576 00
@f577 00
@f578 00
@f579 00
@f57a 00
@f57b 00
@f57c 00
@f57d 00
@f57e 00
@f57f 00
@f580 00
@f581 00
@f582 00
@f583 00
@f584 00
@f585 00
@f586 00
@f587 00
@f588 00
@f589 00
@f58a 00
@f58b 00
@f58c 00
@f58d 00
@f58e 00
@f58f 00
@f590 00
@f591 00
@f592 00
@f593 00
@f594 00
@f595 00
@f596 00
@f597 00
@f598 00
@f599 00
@f59a 00
@f59b 00
@f59c 00
@f59d 00
@f59e 00
@f59f 00
@f5a0 00
@f5a1 00
@f5a2 00
@f5a3 00
@f5a4 00
@f5a5 00
@f5a6 00
@f5a7 00
@f5a8 00
@f5a9 00
@f5aa 00
@f5ab 00
@f5ac 00
@f5ad 00
@f5ae 00
@f5af 00
@f5b0 00
@f5b1 00
@f5b2 00
@f5b3 00
@f5b4 00
@f5b5 00
@f5b6 00
@f5b7 00
@f5b8 00
@f5b9 00
@f5ba 00
@f5bb 00
@f5bc 00
@f5bd 00
@f5be 00
@f5bf 00
@f5c0 00
@f5c1 00
@f5c2 00
@f5c3 00
@f5c4 00
@f5c5 00
@f5c6 00
@f5c7 00
@f5c8 00
@f5c9 00
@f5ca 00
@f5cb 00
@f5cc 00
@f5cd 00
@f5ce 00
@f5cf 00
@f5d0 00
@f5d1 00
@f5d2 00
@f5d3 00
@f5d4 00
@f5d5 00
@f5d6 00
@f5d7 00
@f5d8 00
@f5d9 00
@f5da 00
@f5db 00
@f5dc 00
@f5dd 00
@f5de 00
@f5df 00
@f5e0 00
@f5e1 00
@f5e2 00
@f5e3 00
@f5e4 00
@f5e5 00
@f5e6 00
@f5e7 00
@f5e8 00
@f5e9 00
@f5ea 00
@f5eb 00
@f5ec 00
@f5ed 00
@f5ee 00
@f5ef 00
@f5f0 00
@f5f1 00
@f5f2 00
@f5f3 00
@f5f4 00
@f5f5 00
@f5f6 00
@f5f7 00
@f5f8 00
@f5f9 00
@f5fa 00
@f5fb 00
@f5fc 00
@f5fd 00
@f5fe 00
@f5ff 00
@f600 00
@f601 00
@f602 00
@f603 00
@f604 00
@f605 00
@f606 00
@f607 00
@f608 00
@f609 00
@f60a 00
@f60b 00
@f60c 00
@f60d 00
@f60e 00
@f60f 00
@f610 00
@f611 00
@f612 00
@f613 00
@f614 00
@f615 00
@f616 00
@f617 00
@f618 00
@f619 00
@f61a 00
@f61b 00
@f61c 00
@f61d 00
@f61e 00
@f61f 00
@f620 00
@f621 00
@f622 00
@f623 00
@f624 00
@f625 00
@f626 00
@f627 00
@f628 00
@f629 00
@f62a 00
@f62b 00
@f62c 00
@f62d 00
@f62e 00
@f62f 00
@f630 00
@f631 00
@f632 00
@f633 00
@f634 00
@f635 00
@f636 00
@f637 00
@f638 00
@f639 00
@f63a 00
@f63b 00
@f63c 00
@f63d 00
@f63e 00
@f63f 00
@f640 00
@f641 00
@f642 00
@f643 00
@f644 00
@f645 00
@f646 00
@f647 00
@f648 00
@f649 00
@f64a 00
@f64b 00
@f64c 00
@f64d 00
@f64e 00
@f64f 00
@f650 00
@f651 00
@f652 00
@f653 00
@f654 00
@f655 00
@f656 00
@f657 00
@f658 00
@f659 00
@f65a 00
@f65b 00
@f65c 00
@f65d 00
@f65e 00
@f65f 00
@f660 00
@f661 00
@f662 00
@f663 00
@f664 00
@f665 00
@f666 00
@f667 00
@f668 00
@f669 00
@f66a 00
@f66b 00
@f66c 00
@f66d 00
@f66e 00
@f66f 00
@f670 00
@f671 00
@f672 00
@f673 00
@f674 00
@f675 00
@f676 00
@f677 00
@f678 00
@f679 00
@f67a 00
@f67b 00
@f67c 00
@f67d 00
@f67e 00
@f67f 00
@f680 00
@f681 00
@f682 00
@f683 00
@f684 00
@f685 00
@f686 00
@f687 00
@f688 00
@f689 00
@f68a 00
@f68b 00
@f68c 00
@f68d 00
@f68e 00
@f68f 00
@f690 00
@f691 00
@f692 00
@f693 00
@f694 00
@f695 00
@f696 00
@f697 00
@f698 00
@f699 00
@f69a 00
@f69b 00
@f69c 00
@f69d 00
@f69e 00
@f69f 00
@f6a0 00
@f6a1 00
@f6a2 00
@f6a3 00
@f6a4 00
@f6a5 00
@f6a6 00
@f6a7 00
@f6a8 00
@f6a9 00
@f6aa 00
@f6ab 00
@f6ac 00
@f6ad 00
@f6ae 00
@f6af 00
@f6b0 00
@f6b1 00
@f6b2 00
@f6b3 00
@f6b4 00
@f6b5 00
@f6b6 00
@f6b7 00
@f6b8 00
@f6b9 00
@f6ba 00
@f6bb 00
@f6bc 00
@f6bd 00
@f6be 00
@f6bf 00
@f6c0 00
@f6c1 00
@f6c2 00
@f6c3 00
@f6c4 00
@f6c5 00
@f6c6 00
@f6c7 00
@f6c8 00
@f6c9 00
@f6ca 00
@f6cb 00
@f6cc 00
@f6cd 00
@f6ce 00
@f6cf 00
@f6d0 00
@f6d1 00
@f6d2 00
@f6d3 00
@f6d4 00
@f6d5 00
@f6d6 00
@f6d7 00
@f6d8 00
@f6d9 00
@f6da 00
@f6db 00
@f6dc 00
@f6dd 00
@f6de 00
@f6df 00
@f6e0 00
@f6e1 00
@f6e2 00
@f6e3 00
@f6e4 00
@f6e5 00
@f6e6 00
@f6e7 00
@f6e8 00
@f6e9 00
@f6ea 00
@f6eb 00
@f6ec 00
@f6ed 00
@f6ee 00
@f6ef 00
@f6f0 00
@f6f1 00
@f6f2 00
@f6f3 00
@f6f4 00
@f6f5 00
@f6f6 00
@f6f7 00
@f6f8 00
@f6f9 00
@f6fa 00
@f6fb 00
@f6fc 00
@f6fd 00
@f6fe 00
@f6ff 00
@f700 00
@f701 00
@f702 00
@f703 00
@f704 00
@f705 00
@f706 00
@f707 00
@f708 00
@f709 00
@f70a 00
@f70b 00
@f70c 00
@f70d 00
@f70e 00
@f70f 00
@f710 00
@f711 00
@f712 00
@f713 00
@f714 00
@f715 00
@f716 00
@f717 00
@f718 00
@f719 00
@f71a 00
@f71b 00
@f71c 00
@f71d 00
@f71e 00
@f71f 00
@f720 00
@f721 00
@f722 00
@f723 00
@f724 00
@f725 00
@f726 00
@f727 00
@f728 00
@f729 00
@f72a 00
@f72b 00
@f72c 00
@f72d 00
@f72e 00
@f72f 00
@f730 00
@f731 00
@f732 00
@f733 00
@f734 00
@f735 00
@f736 00
@f737 00
@f738 00
@f739 00
@f73a 00
@f73b 00
@f73c 00
@f73d 00
@f73e 00
@f73f 00
@f740 00
@f741 00
@f742 00
@f743 00
@f744 00
@f745 00
@f746 00
@f747 00
@f748 00
@f749 00
@f74a 00
@f74b 00
@f74c 00
@f74d 00
@f74e 00
@f74f 00
@f750 00
@f751 00
@f752 00
@f753 00
@f754 00
@f755 00
@f756 00
@f757 00
@f758 00
@f759 00
@f75a 00
@f75b 00
@f75c 00
@f75d 00
@f75e 00
@f75f 00
@f760 00
@f761 00
@f762 00
@f763 00
@f764 00
@f765 00
@f766 00
@f767 00
@f768 00
@f769 00
@f76a 00
@f76b 00
@f76c 00
@f76d 00
@f76e 00
@f76f 00
@f770 00
@f771 00
@f772 00
@f773 00
@f774 00
@f775 00
@f776 00
@f777 00
@f778 00
@f779 00
@f77a 00
@f77b 00
@f77c 00
@f77d 00
@f77e 00
@f77f 00
@f780 00
@f781 00
@f782 00
@f783 00
@f784 00
@f785 00
@f786 00
@f787 00
@f788 00
@f789 00
@f78a 00
@f78b 00
@f78c 00
@f78d 00
@f78e 00
@f78f 00
@f790 00
@f791 00
@f792 00
@f793 00
@f794 00
@f795 00
@f796 00
@f797 00
@f798 00
@f799 00
@f79a 00
@f79b 00
@f79c 00
@f79d 00
@f79e 00
@f79f 00
@f7a0 00
@f7a1 00
@f7a2 00
@f7a3 00
@f7a4 00
@f7a5 00
@f7a6 00
@f7a7 00
@f7a8 00
@f7a9 00
@f7aa 00
@f7ab 00
@f7ac 00
@f7ad 00
@f7ae 00
@f7af 00
@f7b0 00
@f7b1 00
@f7b2 00
@f7b3 00
@f7b4 00
@f7b5 00
@f7b6 00
@f7b7 00
@f7b8 00
@f7b9 00
@f7ba 00
@f7bb 00
@f7bc 00
@f7bd 00
@f7be 00
@f7bf 00
@f7c0 00
@f7c1 00
@f7c2 00
@f7c3 00
@f7c4 00
@f7c5 00
@f7c6 00
@f7c7 00
@f7c8 00
@f7c9 00
@f7ca 00
@f7cb 00
@f7cc 00
@f7cd 00
@f7ce 00
@f7cf 00
@f7d0 00
@f7d1 00
@f7d2 00
@f7d3 00
@f7d4 00
@f7d5 00
@f7d6 00
@f7d7 00
@f7d8 00
@f7d9 00
@f7da 00
@f7db 00
@f7dc 00
@f7dd 00
@f7de 00
@f7df 00
@f7e0 00
@f7e1 00
@f7e2 00
@f7e3 00
@f7e4 00
@f7e5 00
@f7e6 00
@f7e7 00
@f7e8 00
@f7e9 00
@f7ea 00
@f7eb 00
@f7ec 00
@f7ed 00
@f7ee 00
@f7ef 00
@f7f0 00
@f7f1 00
@f7f2 00
@f7f3 00
@f7f4 00
@f7f5 00
@f7f6 00
@f7f7 00
@f7f8 00
@f7f9 00
@f7fa 00
@f7fb 00
@f7fc 00
@f7fd 00
@f7fe 00
@f7ff 00
